Maximum value: 10
[
  [ 0, 0, 3, 3, 3, 3, 3, 3, 3 ], [ 0, 0, 0, 0, 0, 0, 0, 0, 0 ], [ 0, 0, 0, 0, 0, 0, 0, 0, 0 ], [ 0, 0, 0, 0, 0,
    0, 0, 0, 0 ]
]
[
  [ 0, 0, 3, 3, 3, 3, 3, 3, 3 ], [ 0, 0, 0, 0, 0, 0, 0, 0, 0 ], [ 0, 0, 0, 0, 0, 0, 0, 0, 0 ], [ 0, 0, 0, 0, 0,
    0, 0, 0, 0 ]
]
[
  [ 0, 0, 3, 3, 3, 3, 3, 3, 3 ], [ 0, 0, 0, 0, 0, 0, 0, 0, 0 ], [ 0, 0, 0, 0, 0, 0, 0, 0, 0 ], [ 0, 0, 0, 0, 0,
    0, 0, 0, 0 ]
]
[
  [ 0, 0, 3, 3, 3, 3, 3, 3, 3 ], [ 0, 0, 3, 0, 0, 0, 0, 0, 0 ], [ 0, 0, 3, 0, 0, 0, 0, 0, 0 ], [ 0, 0, 3, 0, 0,
    0, 0, 0, 0 ]
]
[
  [ 0, 0, 3, 3, 3, 3, 3, 3, 3 ], [ 0, 0, 3, 4, 0, 0, 0, 0, 0 ], [ 0, 0, 3, 4, 0, 0, 0, 0, 0 ], [ 0, 0, 3, 4, 0,
    0, 0, 0, 0 ]
]
[
  [ 0, 0, 3, 3, 3, 3, 3, 3, 3 ], [ 0, 0, 3, 4, 4, 0, 0, 0, 0 ], [ 0, 0, 3, 4, 5, 0, 0, 0, 0 ], [ 0, 0, 3, 4, 5,
    0, 0, 0, 0 ]
]
[
  [ 0, 0, 3, 3, 3, 3, 3, 3, 3 ], [ 0, 0, 3, 4, 4, 7, 0, 0, 0 ], [ 0, 0, 3, 4, 5, 7, 0, 0, 0 ], [ 0, 0, 3, 4, 5,
    7, 0, 0, 0 ]
]
[
  [ 0, 0, 3, 3, 3, 3, 3, 3, 3 ], [ 0, 0, 3, 4, 4, 7, 7, 0, 0 ], [ 0, 0, 3, 4, 5, 7, 8, 0, 0 ], [ 0, 0, 3, 4, 5,
    7, 8, 0, 0 ]
]
[
  [ 0, 0, 3, 3, 3, 3, 3, 3, 3 ], [ 0, 0, 3, 4, 4, 7, 7, 7, 0 ], [ 0, 0, 3, 4, 5, 7, 8, 9, 0 ], [ 0, 0, 3, 4, 5,
    7, 8, 9, 0 ]
]
10
